# JRE version: Java(TM) SE Runtime Environment (8.0_241-b07) (build 1.8.0_241-b07)
# Java VM: Java HotSpot(TM) 64-Bit Server VM (25.241-b07 mixed mode windows-amd64 compressed oops)
Heap:
 PSYoungGen      total 24576K, used 11101K [0x00000000d6700000, 0x00000000d8000000, 0x0000000100000000)
  eden space 24064K, 46% used [0x00000000d6700000,0x00000000d71cf6a0,0x00000000d7e80000)
  from space 512K, 6% used [0x00000000d7f00000,0x00000000d7f08000,0x00000000d7f80000)
  to   space 512K, 0% used [0x00000000d7f80000,0x00000000d7f80000,0x00000000d8000000)
 ParOldGen       total 86016K, used 3942K [0x0000000083400000, 0x0000000088800000, 0x00000000d6700000)
  object space 86016K, 4% used [0x0000000083400000,0x00000000837d9a50,0x0000000088800000)
 Metaspace       used 8572K, capacity 8739K, committed 8960K, reserved 1056768K
  class space    used 846K, capacity 922K, committed 1024K, reserved 1048576K
GC Heap History (10 events):
Event: 131.780 GC heap before
{Heap before GC invocations=205 (full 0):
 PSYoungGen      total 24576K, used 24128K [0x00000000d6700000, 0x00000000d8000000, 0x0000000100000000)
  eden space 24064K, 100% used [0x00000000d6700000,0x00000000d7e80000,0x00000000d7e80000)
  from space 512K, 12% used [0x00000000d7f80000,0x00000000d7f90000,0x00000000d8000000)
  to   space 512K, 0% used [0x00000000d7f00000,0x00000000d7f00000,0x00000000d7f80000)
 ParOldGen       total 86016K, used 3942K [0x0000000083400000, 0x0000000088800000, 0x00000000d6700000)
  object space 86016K, 4% used [0x0000000083400000,0x00000000837d9a50,0x0000000088800000)
 Metaspace       used 8550K, capacity 8739K, committed 8960K, reserved 1056768K
  class space    used 841K, capacity 922K, committed 1024K, reserved 1048576K
Event: 131.805 GC heap after
Heap after GC invocations=205 (full 0):
 PSYoungGen      total 24576K, used 64K [0x00000000d6700000, 0x00000000d8000000, 0x0000000100000000)
  eden space 24064K, 0% used [0x00000000d6700000,0x00000000d6700000,0x00000000d7e80000)
  from space 512K, 12% used [0x00000000d7f00000,0x00000000d7f10000,0x00000000d7f80000)
  to   space 512K, 0% used [0x00000000d7f80000,0x00000000d7f80000,0x00000000d8000000)
 ParOldGen       total 86016K, used 3942K [0x0000000083400000, 0x0000000088800000, 0x00000000d6700000)
  object space 86016K, 4% used [0x0000000083400000,0x00000000837d9a50,0x0000000088800000)
 Metaspace       used 8550K, capacity 8739K, committed 8960K, reserved 1056768K
  class space    used 841K, capacity 922K, committed 1024K, reserved 1048576K
}
Event: 132.549 GC heap before
{Heap before GC invocations=206 (full 0):
 PSYoungGen      total 24576K, used 24128K [0x00000000d6700000, 0x00000000d8000000, 0x0000000100000000)
  eden space 24064K, 100% used [0x00000000d6700000,0x00000000d7e80000,0x00000000d7e80000)
  from space 512K, 12% used [0x00000000d7f00000,0x00000000d7f10000,0x00000000d7f80000)
  to   space 512K, 0% used [0x00000000d7f80000,0x00000000d7f80000,0x00000000d8000000)
 ParOldGen       total 86016K, used 3942K [0x0000000083400000, 0x0000000088800000, 0x00000000d6700000)
  object space 86016K, 4% used [0x0000000083400000,0x00000000837d9a50,0x0000000088800000)
 Metaspace       used 8550K, capacity 8739K, committed 8960K, reserved 1056768K
  class space    used 841K, capacity 922K, committed 1024K, reserved 1048576K
Event: 132.550 GC heap after
Heap after GC invocations=206 (full 0):
 PSYoungGen      total 24576K, used 32K [0x00000000d6700000, 0x00000000d8000000, 0x0000000100000000)
  eden space 24064K, 0% used [0x00000000d6700000,0x00000000d6700000,0x00000000d7e80000)
  from space 512K, 6% used [0x00000000d7f80000,0x00000000d7f88000,0x00000000d8000000)
  to   space 512K, 0% used [0x00000000d7f00000,0x00000000d7f00000,0x00000000d7f80000)
 ParOldGen       total 86016K, used 3942K [0x0000000083400000, 0x0000000088800000, 0x00000000d6700000)
  object space 86016K, 4% used [0x0000000083400000,0x00000000837d9a50,0x0000000088800000)
 Metaspace       used 8550K, capacity 8739K, committed 8960K, reserved 1056768K
  class space    used 841K, capacity 922K, committed 1024K, reserved 1048576K
}
Event: 133.260 GC heap before
{Heap before GC invocations=207 (full 0):
 PSYoungGen      total 24576K, used 24096K [0x00000000d6700000, 0x00000000d8000000, 0x0000000100000000)
  eden space 24064K, 100% used [0x00000000d6700000,0x00000000d7e80000,0x00000000d7e80000)
  from space 512K, 6% used [0x00000000d7f80000,0x00000000d7f88000,0x00000000d8000000)
  to   space 512K, 0% used [0x00000000d7f00000,0x00000000d7f00000,0x00000000d7f80000)
 ParOldGen       total 86016K, used 3942K [0x0000000083400000, 0x0000000088800000, 0x00000000d6700000)
  object space 86016K, 4% used [0x0000000083400000,0x00000000837d9a50,0x0000000088800000)
 Metaspace       used 8550K, capacity 8739K, committed 8960K, reserved 1056768K
  class space    used 841K, capacity 922K, committed 1024K, reserved 1048576K
Event: 133.260 GC heap after
Heap after GC invocations=207 (full 0):
 PSYoungGen      total 24576K, used 32K [0x00000000d6700000, 0x00000000d8000000, 0x0000000100000000)
  eden space 24064K, 0% used [0x00000000d6700000,0x00000000d6700000,0x00000000d7e80000)
  from space 512K, 6% used [0x00000000d7f00000,0x00000000d7f08000,0x00000000d7f80000)
  to   space 512K, 0% used [0x00000000d7f80000,0x00000000d7f80000,0x00000000d8000000)
 ParOldGen       total 86016K, used 3942K [0x0000000083400000, 0x0000000088800000, 0x00000000d6700000)
  object space 86016K, 4% used [0x0000000083400000,0x00000000837d9a50,0x0000000088800000)
 Metaspace       used 8550K, capacity 8739K, committed 8960K, reserved 1056768K
  class space    used 841K, capacity 922K, committed 1024K, reserved 1048576K
}
Event: 133.856 GC heap before
{Heap before GC invocations=208 (full 0):
 PSYoungGen      total 24576K, used 24096K [0x00000000d6700000, 0x00000000d8000000, 0x0000000100000000)
  eden space 24064K, 100% used [0x00000000d6700000,0x00000000d7e80000,0x00000000d7e80000)
  from space 512K, 6% used [0x00000000d7f00000,0x00000000d7f08000,0x00000000d7f80000)
  to   space 512K, 0% used [0x00000000d7f80000,0x00000000d7f80000,0x00000000d8000000)
 ParOldGen       total 86016K, used 3942K [0x0000000083400000, 0x0000000088800000, 0x00000000d6700000)
  object space 86016K, 4% used [0x0000000083400000,0x00000000837d9a50,0x0000000088800000)
 Metaspace       used 8550K, capacity 8739K, committed 8960K, reserved 1056768K
  class space    used 841K, capacity 922K, committed 1024K, reserved 1048576K
Event: 133.857 GC heap after
Heap after GC invocations=208 (full 0):
 PSYoungGen      total 24576K, used 32K [0x00000000d6700000, 0x00000000d8000000, 0x0000000100000000)
  eden space 24064K, 0% used [0x00000000d6700000,0x00000000d6700000,0x00000000d7e80000)
  from space 512K, 6% used [0x00000000d7f80000,0x00000000d7f88000,0x00000000d8000000)
  to   space 512K, 0% used [0x00000000d7f00000,0x00000000d7f00000,0x00000000d7f80000)
 ParOldGen       total 86016K, used 3942K [0x0000000083400000, 0x0000000088800000, 0x00000000d6700000)
  object space 86016K, 4% used [0x0000000083400000,0x00000000837d9a50,0x0000000088800000)
 Metaspace       used 8550K, capacity 8739K, committed 8960K, reserved 1056768K
  class space    used 841K, capacity 922K, committed 1024K, reserved 1048576K
}
Event: 134.642 GC heap before
{Heap before GC invocations=209 (full 0):
 PSYoungGen      total 24576K, used 24096K [0x00000000d6700000, 0x00000000d8000000, 0x0000000100000000)
  eden space 24064K, 100% used [0x00000000d6700000,0x00000000d7e80000,0x00000000d7e80000)
  from space 512K, 6% used [0x00000000d7f80000,0x00000000d7f88000,0x00000000d8000000)
  to   space 512K, 0% used [0x00000000d7f00000,0x00000000d7f00000,0x00000000d7f80000)
 ParOldGen       total 86016K, used 3942K [0x0000000083400000, 0x0000000088800000, 0x00000000d6700000)
  object space 86016K, 4% used [0x0000000083400000,0x00000000837d9a50,0x0000000088800000)
 Metaspace       used 8550K, capacity 8739K, committed 8960K, reserved 1056768K
  class space    used 841K, capacity 922K, committed 1024K, reserved 1048576K
Event: 134.643 GC heap after
Heap after GC invocations=209 (full 0):
 PSYoungGen      total 24576K, used 32K [0x00000000d6700000, 0x00000000d8000000, 0x0000000100000000)
  eden space 24064K, 0% used [0x00000000d6700000,0x00000000d6700000,0x00000000d7e80000)
  from space 512K, 6% used [0x00000000d7f00000,0x00000000d7f08000,0x00000000d7f80000)
  to   space 512K, 0% used [0x00000000d7f80000,0x00000000d7f80000,0x00000000d8000000)
 ParOldGen       total 86016K, used 3942K [0x0000000083400000, 0x0000000088800000, 0x00000000d6700000)
  object space 86016K, 4% used [0x0000000083400000,0x00000000837d9a50,0x0000000088800000)
 Metaspace       used 8550K, capacity 8739K, committed 8960K, reserved 1056768K
  class space    used 841K, capacity 922K, committed 1024K, reserved 1048576K
}

