# JRE version: Java(TM) SE Runtime Environment (8.0_241-b07) (build 1.8.0_241-b07)
# Java VM: Java HotSpot(TM) 64-Bit Server VM (25.241-b07 mixed mode windows-amd64 compressed oops)
Heap:
 PSYoungGen      total 27136K, used 499K [0x00000000d6700000, 0x00000000d8480000, 0x0000000100000000)
  eden space 24064K, 1% used [0x00000000d6700000,0x00000000d6774f58,0x00000000d7e80000)
  from space 3072K, 1% used [0x00000000d8180000,0x00000000d8188000,0x00000000d8480000)
  to   space 3072K, 0% used [0x00000000d7e80000,0x00000000d7e80000,0x00000000d8180000)
 ParOldGen       total 86016K, used 2385K [0x0000000083400000, 0x0000000088800000, 0x00000000d6700000)
  object space 86016K, 2% used [0x0000000083400000,0x00000000836544c0,0x0000000088800000)
 Metaspace       used 7972K, capacity 8135K, committed 8320K, reserved 1056768K
  class space    used 813K, capacity 890K, committed 896K, reserved 1048576K
GC Heap History (10 events):
Event: 16.122 GC heap before
{Heap before GC invocations=18 (full 0):
 PSYoungGen      total 26624K, used 26112K [0x00000000d6700000, 0x00000000d8780000, 0x0000000100000000)
  eden space 26112K, 100% used [0x00000000d6700000,0x00000000d8080000,0x00000000d8080000)
  from space 512K, 0% used [0x00000000d8100000,0x00000000d8100000,0x00000000d8180000)
  to   space 3584K, 0% used [0x00000000d8400000,0x00000000d8400000,0x00000000d8780000)
 ParOldGen       total 86016K, used 2385K [0x0000000083400000, 0x0000000088800000, 0x00000000d6700000)
  object space 86016K, 2% used [0x0000000083400000,0x00000000836544c0,0x0000000088800000)
 Metaspace       used 7950K, capacity 8103K, committed 8320K, reserved 1056768K
  class space    used 808K, capacity 858K, committed 896K, reserved 1048576K
Event: 16.122 GC heap after
Heap after GC invocations=18 (full 0):
 PSYoungGen      total 28672K, used 0K [0x00000000d6700000, 0x00000000d8700000, 0x0000000100000000)
  eden space 25600K, 0% used [0x00000000d6700000,0x00000000d6700000,0x00000000d8000000)
  from space 3072K, 0% used [0x00000000d8400000,0x00000000d8400000,0x00000000d8700000)
  to   space 3584K, 0% used [0x00000000d8000000,0x00000000d8000000,0x00000000d8380000)
 ParOldGen       total 86016K, used 2385K [0x0000000083400000, 0x0000000088800000, 0x00000000d6700000)
  object space 86016K, 2% used [0x0000000083400000,0x00000000836544c0,0x0000000088800000)
 Metaspace       used 7950K, capacity 8103K, committed 8320K, reserved 1056768K
  class space    used 808K, capacity 858K, committed 896K, reserved 1048576K
}
Event: 16.574 GC heap before
{Heap before GC invocations=19 (full 0):
 PSYoungGen      total 28672K, used 25600K [0x00000000d6700000, 0x00000000d8700000, 0x0000000100000000)
  eden space 25600K, 100% used [0x00000000d6700000,0x00000000d8000000,0x00000000d8000000)
  from space 3072K, 0% used [0x00000000d8400000,0x00000000d8400000,0x00000000d8700000)
  to   space 3584K, 0% used [0x00000000d8000000,0x00000000d8000000,0x00000000d8380000)
 ParOldGen       total 86016K, used 2385K [0x0000000083400000, 0x0000000088800000, 0x00000000d6700000)
  object space 86016K, 2% used [0x0000000083400000,0x00000000836544c0,0x0000000088800000)
 Metaspace       used 7950K, capacity 8103K, committed 8320K, reserved 1056768K
  class space    used 808K, capacity 858K, committed 896K, reserved 1048576K
Event: 16.575 GC heap after
Heap after GC invocations=19 (full 0):
 PSYoungGen      total 25600K, used 0K [0x00000000d6700000, 0x00000000d8580000, 0x0000000100000000)
  eden space 25088K, 0% used [0x00000000d6700000,0x00000000d6700000,0x00000000d7f80000)
  from space 512K, 0% used [0x00000000d8000000,0x00000000d8000000,0x00000000d8080000)
  to   space 3072K, 0% used [0x00000000d8280000,0x00000000d8280000,0x00000000d8580000)
 ParOldGen       total 86016K, used 2385K [0x0000000083400000, 0x0000000088800000, 0x00000000d6700000)
  object space 86016K, 2% used [0x0000000083400000,0x00000000836544c0,0x0000000088800000)
 Metaspace       used 7950K, capacity 8103K, committed 8320K, reserved 1056768K
  class space    used 808K, capacity 858K, committed 896K, reserved 1048576K
}
Event: 17.149 GC heap before
{Heap before GC invocations=20 (full 0):
 PSYoungGen      total 25600K, used 25088K [0x00000000d6700000, 0x00000000d8580000, 0x0000000100000000)
  eden space 25088K, 100% used [0x00000000d6700000,0x00000000d7f80000,0x00000000d7f80000)
  from space 512K, 0% used [0x00000000d8000000,0x00000000d8000000,0x00000000d8080000)
  to   space 3072K, 0% used [0x00000000d8280000,0x00000000d8280000,0x00000000d8580000)
 ParOldGen       total 86016K, used 2385K [0x0000000083400000, 0x0000000088800000, 0x00000000d6700000)
  object space 86016K, 2% used [0x0000000083400000,0x00000000836544c0,0x0000000088800000)
 Metaspace       used 7950K, capacity 8103K, committed 8320K, reserved 1056768K
  class space    used 808K, capacity 858K, committed 896K, reserved 1048576K
Event: 17.150 GC heap after
Heap after GC invocations=20 (full 0):
 PSYoungGen      total 27136K, used 0K [0x00000000d6700000, 0x00000000d8500000, 0x0000000100000000)
  eden space 24576K, 0% used [0x00000000d6700000,0x00000000d6700000,0x00000000d7f00000)
  from space 2560K, 0% used [0x00000000d8280000,0x00000000d8280000,0x00000000d8500000)
  to   space 3072K, 0% used [0x00000000d7f00000,0x00000000d7f00000,0x00000000d8200000)
 ParOldGen       total 86016K, used 2385K [0x0000000083400000, 0x0000000088800000, 0x00000000d6700000)
  object space 86016K, 2% used [0x0000000083400000,0x00000000836544c0,0x0000000088800000)
 Metaspace       used 7950K, capacity 8103K, committed 8320K, reserved 1056768K
  class space    used 808K, capacity 858K, committed 896K, reserved 1048576K
}
Event: 17.634 GC heap before
{Heap before GC invocations=21 (full 0):
 PSYoungGen      total 27136K, used 24576K [0x00000000d6700000, 0x00000000d8500000, 0x0000000100000000)
  eden space 24576K, 100% used [0x00000000d6700000,0x00000000d7f00000,0x00000000d7f00000)
  from space 2560K, 0% used [0x00000000d8280000,0x00000000d8280000,0x00000000d8500000)
  to   space 3072K, 0% used [0x00000000d7f00000,0x00000000d7f00000,0x00000000d8200000)
 ParOldGen       total 86016K, used 2385K [0x0000000083400000, 0x0000000088800000, 0x00000000d6700000)
  object space 86016K, 2% used [0x0000000083400000,0x00000000836544c0,0x0000000088800000)
 Metaspace       used 7950K, capacity 8103K, committed 8320K, reserved 1056768K
  class space    used 808K, capacity 858K, committed 896K, reserved 1048576K
Event: 17.634 GC heap after
Heap after GC invocations=21 (full 0):
 PSYoungGen      total 24576K, used 0K [0x00000000d6700000, 0x00000000d8480000, 0x0000000100000000)
  eden space 24064K, 0% used [0x00000000d6700000,0x00000000d6700000,0x00000000d7e80000)
  from space 512K, 0% used [0x00000000d7f00000,0x00000000d7f00000,0x00000000d7f80000)
  to   space 3072K, 0% used [0x00000000d8180000,0x00000000d8180000,0x00000000d8480000)
 ParOldGen       total 86016K, used 2385K [0x0000000083400000, 0x0000000088800000, 0x00000000d6700000)
  object space 86016K, 2% used [0x0000000083400000,0x00000000836544c0,0x0000000088800000)
 Metaspace       used 7950K, capacity 8103K, committed 8320K, reserved 1056768K
  class space    used 808K, capacity 858K, committed 896K, reserved 1048576K
}
Event: 18.112 GC heap before
{Heap before GC invocations=22 (full 0):
 PSYoungGen      total 24576K, used 24064K [0x00000000d6700000, 0x00000000d8480000, 0x0000000100000000)
  eden space 24064K, 100% used [0x00000000d6700000,0x00000000d7e80000,0x00000000d7e80000)
  from space 512K, 0% used [0x00000000d7f00000,0x00000000d7f00000,0x00000000d7f80000)
  to   space 3072K, 0% used [0x00000000d8180000,0x00000000d8180000,0x00000000d8480000)
 ParOldGen       total 86016K, used 2385K [0x0000000083400000, 0x0000000088800000, 0x00000000d6700000)
  object space 86016K, 2% used [0x0000000083400000,0x00000000836544c0,0x0000000088800000)
 Metaspace       used 7972K, capacity 8135K, committed 8320K, reserved 1056768K
  class space    used 813K, capacity 890K, committed 896K, reserved 1048576K
Event: 18.113 GC heap after
Heap after GC invocations=22 (full 0):
 PSYoungGen      total 27136K, used 32K [0x00000000d6700000, 0x00000000d8480000, 0x0000000100000000)
  eden space 24064K, 0% used [0x00000000d6700000,0x00000000d6700000,0x00000000d7e80000)
  from space 3072K, 1% used [0x00000000d8180000,0x00000000d8188000,0x00000000d8480000)
  to   space 3072K, 0% used [0x00000000d7e80000,0x00000000d7e80000,0x00000000d8180000)
 ParOldGen       total 86016K, used 2385K [0x0000000083400000, 0x0000000088800000, 0x00000000d6700000)
  object space 86016K, 2% used [0x0000000083400000,0x00000000836544c0,0x0000000088800000)
 Metaspace       used 7972K, capacity 8135K, committed 8320K, reserved 1056768K
  class space    used 813K, capacity 890K, committed 896K, reserved 1048576K
}

