# JRE version: Java(TM) SE Runtime Environment (8.0_241-b07) (build 1.8.0_241-b07)
# Java VM: Java HotSpot(TM) 64-Bit Server VM (25.241-b07 mixed mode windows-amd64 compressed oops)
Heap:
 PSYoungGen      total 24576K, used 23646K [0x00000000d6700000, 0x00000000d8000000, 0x0000000100000000)
  eden space 24064K, 97% used [0x00000000d6700000,0x00000000d7e07a78,0x00000000d7e80000)
  from space 512K, 12% used [0x00000000d7f00000,0x00000000d7f10000,0x00000000d7f80000)
  to   space 512K, 0% used [0x00000000d7f80000,0x00000000d7f80000,0x00000000d8000000)
 ParOldGen       total 86016K, used 4022K [0x0000000083400000, 0x0000000088800000, 0x00000000d6700000)
  object space 86016K, 4% used [0x0000000083400000,0x00000000837eda50,0x0000000088800000)
 Metaspace       used 8550K, capacity 8739K, committed 8960K, reserved 1056768K
  class space    used 843K, capacity 922K, committed 1024K, reserved 1048576K
GC Heap History (10 events):
Event: 83.375 GC heap before
{Heap before GC invocations=125 (full 0):
 PSYoungGen      total 24576K, used 24096K [0x00000000d6700000, 0x00000000d8000000, 0x0000000100000000)
  eden space 24064K, 100% used [0x00000000d6700000,0x00000000d7e80000,0x00000000d7e80000)
  from space 512K, 6% used [0x00000000d7f80000,0x00000000d7f88000,0x00000000d8000000)
  to   space 512K, 0% used [0x00000000d7f00000,0x00000000d7f00000,0x00000000d7f80000)
 ParOldGen       total 86016K, used 4022K [0x0000000083400000, 0x0000000088800000, 0x00000000d6700000)
  object space 86016K, 4% used [0x0000000083400000,0x00000000837eda50,0x0000000088800000)
 Metaspace       used 8529K, capacity 8707K, committed 8832K, reserved 1056768K
  class space    used 839K, capacity 890K, committed 896K, reserved 1048576K
Event: 83.377 GC heap after
Heap after GC invocations=125 (full 0):
 PSYoungGen      total 24576K, used 32K [0x00000000d6700000, 0x00000000d8000000, 0x0000000100000000)
  eden space 24064K, 0% used [0x00000000d6700000,0x00000000d6700000,0x00000000d7e80000)
  from space 512K, 6% used [0x00000000d7f00000,0x00000000d7f08000,0x00000000d7f80000)
  to   space 512K, 0% used [0x00000000d7f80000,0x00000000d7f80000,0x00000000d8000000)
 ParOldGen       total 86016K, used 4022K [0x0000000083400000, 0x0000000088800000, 0x00000000d6700000)
  object space 86016K, 4% used [0x0000000083400000,0x00000000837eda50,0x0000000088800000)
 Metaspace       used 8529K, capacity 8707K, committed 8832K, reserved 1056768K
  class space    used 839K, capacity 890K, committed 896K, reserved 1048576K
}
Event: 84.383 GC heap before
{Heap before GC invocations=126 (full 0):
 PSYoungGen      total 24576K, used 24096K [0x00000000d6700000, 0x00000000d8000000, 0x0000000100000000)
  eden space 24064K, 100% used [0x00000000d6700000,0x00000000d7e80000,0x00000000d7e80000)
  from space 512K, 6% used [0x00000000d7f00000,0x00000000d7f08000,0x00000000d7f80000)
  to   space 512K, 0% used [0x00000000d7f80000,0x00000000d7f80000,0x00000000d8000000)
 ParOldGen       total 86016K, used 4022K [0x0000000083400000, 0x0000000088800000, 0x00000000d6700000)
  object space 86016K, 4% used [0x0000000083400000,0x00000000837eda50,0x0000000088800000)
 Metaspace       used 8529K, capacity 8707K, committed 8832K, reserved 1056768K
  class space    used 839K, capacity 890K, committed 896K, reserved 1048576K
Event: 84.384 GC heap after
Heap after GC invocations=126 (full 0):
 PSYoungGen      total 24576K, used 32K [0x00000000d6700000, 0x00000000d8000000, 0x0000000100000000)
  eden space 24064K, 0% used [0x00000000d6700000,0x00000000d6700000,0x00000000d7e80000)
  from space 512K, 6% used [0x00000000d7f80000,0x00000000d7f88000,0x00000000d8000000)
  to   space 512K, 0% used [0x00000000d7f00000,0x00000000d7f00000,0x00000000d7f80000)
 ParOldGen       total 86016K, used 4022K [0x0000000083400000, 0x0000000088800000, 0x00000000d6700000)
  object space 86016K, 4% used [0x0000000083400000,0x00000000837eda50,0x0000000088800000)
 Metaspace       used 8529K, capacity 8707K, committed 8832K, reserved 1056768K
  class space    used 839K, capacity 890K, committed 896K, reserved 1048576K
}
Event: 85.125 GC heap before
{Heap before GC invocations=127 (full 0):
 PSYoungGen      total 24576K, used 24096K [0x00000000d6700000, 0x00000000d8000000, 0x0000000100000000)
  eden space 24064K, 100% used [0x00000000d6700000,0x00000000d7e80000,0x00000000d7e80000)
  from space 512K, 6% used [0x00000000d7f80000,0x00000000d7f88000,0x00000000d8000000)
  to   space 512K, 0% used [0x00000000d7f00000,0x00000000d7f00000,0x00000000d7f80000)
 ParOldGen       total 86016K, used 4022K [0x0000000083400000, 0x0000000088800000, 0x00000000d6700000)
  object space 86016K, 4% used [0x0000000083400000,0x00000000837eda50,0x0000000088800000)
 Metaspace       used 8529K, capacity 8707K, committed 8832K, reserved 1056768K
  class space    used 839K, capacity 890K, committed 896K, reserved 1048576K
Event: 85.126 GC heap after
Heap after GC invocations=127 (full 0):
 PSYoungGen      total 24576K, used 64K [0x00000000d6700000, 0x00000000d8000000, 0x0000000100000000)
  eden space 24064K, 0% used [0x00000000d6700000,0x00000000d6700000,0x00000000d7e80000)
  from space 512K, 12% used [0x00000000d7f00000,0x00000000d7f10000,0x00000000d7f80000)
  to   space 512K, 0% used [0x00000000d7f80000,0x00000000d7f80000,0x00000000d8000000)
 ParOldGen       total 86016K, used 4022K [0x0000000083400000, 0x0000000088800000, 0x00000000d6700000)
  object space 86016K, 4% used [0x0000000083400000,0x00000000837eda50,0x0000000088800000)
 Metaspace       used 8529K, capacity 8707K, committed 8832K, reserved 1056768K
  class space    used 839K, capacity 890K, committed 896K, reserved 1048576K
}
Event: 85.754 GC heap before
{Heap before GC invocations=128 (full 0):
 PSYoungGen      total 24576K, used 24128K [0x00000000d6700000, 0x00000000d8000000, 0x0000000100000000)
  eden space 24064K, 100% used [0x00000000d6700000,0x00000000d7e80000,0x00000000d7e80000)
  from space 512K, 12% used [0x00000000d7f00000,0x00000000d7f10000,0x00000000d7f80000)
  to   space 512K, 0% used [0x00000000d7f80000,0x00000000d7f80000,0x00000000d8000000)
 ParOldGen       total 86016K, used 4022K [0x0000000083400000, 0x0000000088800000, 0x00000000d6700000)
  object space 86016K, 4% used [0x0000000083400000,0x00000000837eda50,0x0000000088800000)
 Metaspace       used 8529K, capacity 8707K, committed 8832K, reserved 1056768K
  class space    used 839K, capacity 890K, committed 896K, reserved 1048576K
Event: 85.755 GC heap after
Heap after GC invocations=128 (full 0):
 PSYoungGen      total 24576K, used 64K [0x00000000d6700000, 0x00000000d8000000, 0x0000000100000000)
  eden space 24064K, 0% used [0x00000000d6700000,0x00000000d6700000,0x00000000d7e80000)
  from space 512K, 12% used [0x00000000d7f80000,0x00000000d7f90000,0x00000000d8000000)
  to   space 512K, 0% used [0x00000000d7f00000,0x00000000d7f00000,0x00000000d7f80000)
 ParOldGen       total 86016K, used 4022K [0x0000000083400000, 0x0000000088800000, 0x00000000d6700000)
  object space 86016K, 4% used [0x0000000083400000,0x00000000837eda50,0x0000000088800000)
 Metaspace       used 8529K, capacity 8707K, committed 8832K, reserved 1056768K
  class space    used 839K, capacity 890K, committed 896K, reserved 1048576K
}
Event: 86.350 GC heap before
{Heap before GC invocations=129 (full 0):
 PSYoungGen      total 24576K, used 24128K [0x00000000d6700000, 0x00000000d8000000, 0x0000000100000000)
  eden space 24064K, 100% used [0x00000000d6700000,0x00000000d7e80000,0x00000000d7e80000)
  from space 512K, 12% used [0x00000000d7f80000,0x00000000d7f90000,0x00000000d8000000)
  to   space 512K, 0% used [0x00000000d7f00000,0x00000000d7f00000,0x00000000d7f80000)
 ParOldGen       total 86016K, used 4022K [0x0000000083400000, 0x0000000088800000, 0x00000000d6700000)
  object space 86016K, 4% used [0x0000000083400000,0x00000000837eda50,0x0000000088800000)
 Metaspace       used 8529K, capacity 8707K, committed 8832K, reserved 1056768K
  class space    used 839K, capacity 890K, committed 896K, reserved 1048576K
Event: 86.351 GC heap after
Heap after GC invocations=129 (full 0):
 PSYoungGen      total 24576K, used 64K [0x00000000d6700000, 0x00000000d8000000, 0x0000000100000000)
  eden space 24064K, 0% used [0x00000000d6700000,0x00000000d6700000,0x00000000d7e80000)
  from space 512K, 12% used [0x00000000d7f00000,0x00000000d7f10000,0x00000000d7f80000)
  to   space 512K, 0% used [0x00000000d7f80000,0x00000000d7f80000,0x00000000d8000000)
 ParOldGen       total 86016K, used 4022K [0x0000000083400000, 0x0000000088800000, 0x00000000d6700000)
  object space 86016K, 4% used [0x0000000083400000,0x00000000837eda50,0x0000000088800000)
 Metaspace       used 8529K, capacity 8707K, committed 8832K, reserved 1056768K
  class space    used 839K, capacity 890K, committed 896K, reserved 1048576K
}

