# JRE version: Java(TM) SE Runtime Environment (8.0_241-b07) (build 1.8.0_241-b07)
# Java VM: Java HotSpot(TM) 64-Bit Server VM (25.241-b07 mixed mode windows-amd64 compressed oops)
Heap:
 PSYoungGen      total 24576K, used 18288K [0x00000000d6700000, 0x00000000d8000000, 0x0000000100000000)
  eden space 24064K, 76% used [0x00000000d6700000,0x00000000d78dc380,0x00000000d7e80000)
  from space 512K, 0% used [0x00000000d7f80000,0x00000000d7f80000,0x00000000d8000000)
  to   space 512K, 0% used [0x00000000d7f00000,0x00000000d7f00000,0x00000000d7f80000)
 ParOldGen       total 86016K, used 2973K [0x0000000083400000, 0x0000000088800000, 0x00000000d6700000)
  object space 86016K, 3% used [0x0000000083400000,0x00000000836e7708,0x0000000088800000)
 Metaspace       used 8203K, capacity 8405K, committed 8576K, reserved 1056768K
  class space    used 829K, capacity 893K, committed 896K, reserved 1048576K
GC Heap History (10 events):
Event: 306.654 GC heap before
{Heap before GC invocations=192 (full 0):
 PSYoungGen      total 24576K, used 24064K [0x00000000d6700000, 0x00000000d8000000, 0x0000000100000000)
  eden space 24064K, 100% used [0x00000000d6700000,0x00000000d7e80000,0x00000000d7e80000)
  from space 512K, 0% used [0x00000000d7f00000,0x00000000d7f00000,0x00000000d7f80000)
  to   space 512K, 0% used [0x00000000d7f80000,0x00000000d7f80000,0x00000000d8000000)
 ParOldGen       total 86016K, used 2973K [0x0000000083400000, 0x0000000088800000, 0x00000000d6700000)
  object space 86016K, 3% used [0x0000000083400000,0x00000000836e7708,0x0000000088800000)
 Metaspace       used 8181K, capacity 8341K, committed 8576K, reserved 1056768K
  class space    used 824K, capacity 893K, committed 896K, reserved 1048576K
Event: 306.654 GC heap after
Heap after GC invocations=192 (full 0):
 PSYoungGen      total 24576K, used 0K [0x00000000d6700000, 0x00000000d8000000, 0x0000000100000000)
  eden space 24064K, 0% used [0x00000000d6700000,0x00000000d6700000,0x00000000d7e80000)
  from space 512K, 0% used [0x00000000d7f80000,0x00000000d7f80000,0x00000000d8000000)
  to   space 512K, 0% used [0x00000000d7f00000,0x00000000d7f00000,0x00000000d7f80000)
 ParOldGen       total 86016K, used 2973K [0x0000000083400000, 0x0000000088800000, 0x00000000d6700000)
  object space 86016K, 3% used [0x0000000083400000,0x00000000836e7708,0x0000000088800000)
 Metaspace       used 8181K, capacity 8341K, committed 8576K, reserved 1056768K
  class space    used 824K, capacity 893K, committed 896K, reserved 1048576K
}
Event: 308.157 GC heap before
{Heap before GC invocations=193 (full 0):
 PSYoungGen      total 24576K, used 24064K [0x00000000d6700000, 0x00000000d8000000, 0x0000000100000000)
  eden space 24064K, 100% used [0x00000000d6700000,0x00000000d7e80000,0x00000000d7e80000)
  from space 512K, 0% used [0x00000000d7f80000,0x00000000d7f80000,0x00000000d8000000)
  to   space 512K, 0% used [0x00000000d7f00000,0x00000000d7f00000,0x00000000d7f80000)
 ParOldGen       total 86016K, used 2973K [0x0000000083400000, 0x0000000088800000, 0x00000000d6700000)
  object space 86016K, 3% used [0x0000000083400000,0x00000000836e7708,0x0000000088800000)
 Metaspace       used 8181K, capacity 8341K, committed 8576K, reserved 1056768K
  class space    used 824K, capacity 893K, committed 896K, reserved 1048576K
Event: 308.158 GC heap after
Heap after GC invocations=193 (full 0):
 PSYoungGen      total 24576K, used 0K [0x00000000d6700000, 0x00000000d8000000, 0x0000000100000000)
  eden space 24064K, 0% used [0x00000000d6700000,0x00000000d6700000,0x00000000d7e80000)
  from space 512K, 0% used [0x00000000d7f00000,0x00000000d7f00000,0x00000000d7f80000)
  to   space 512K, 0% used [0x00000000d7f80000,0x00000000d7f80000,0x00000000d8000000)
 ParOldGen       total 86016K, used 2973K [0x0000000083400000, 0x0000000088800000, 0x00000000d6700000)
  object space 86016K, 3% used [0x0000000083400000,0x00000000836e7708,0x0000000088800000)
 Metaspace       used 8181K, capacity 8341K, committed 8576K, reserved 1056768K
  class space    used 824K, capacity 893K, committed 896K, reserved 1048576K
}
Event: 309.791 GC heap before
{Heap before GC invocations=194 (full 0):
 PSYoungGen      total 24576K, used 24064K [0x00000000d6700000, 0x00000000d8000000, 0x0000000100000000)
  eden space 24064K, 100% used [0x00000000d6700000,0x00000000d7e80000,0x00000000d7e80000)
  from space 512K, 0% used [0x00000000d7f00000,0x00000000d7f00000,0x00000000d7f80000)
  to   space 512K, 0% used [0x00000000d7f80000,0x00000000d7f80000,0x00000000d8000000)
 ParOldGen       total 86016K, used 2973K [0x0000000083400000, 0x0000000088800000, 0x00000000d6700000)
  object space 86016K, 3% used [0x0000000083400000,0x00000000836e7708,0x0000000088800000)
 Metaspace       used 8181K, capacity 8341K, committed 8576K, reserved 1056768K
  class space    used 824K, capacity 893K, committed 896K, reserved 1048576K
Event: 309.792 GC heap after
Heap after GC invocations=194 (full 0):
 PSYoungGen      total 24576K, used 0K [0x00000000d6700000, 0x00000000d8000000, 0x0000000100000000)
  eden space 24064K, 0% used [0x00000000d6700000,0x00000000d6700000,0x00000000d7e80000)
  from space 512K, 0% used [0x00000000d7f80000,0x00000000d7f80000,0x00000000d8000000)
  to   space 512K, 0% used [0x00000000d7f00000,0x00000000d7f00000,0x00000000d7f80000)
 ParOldGen       total 86016K, used 2973K [0x0000000083400000, 0x0000000088800000, 0x00000000d6700000)
  object space 86016K, 3% used [0x0000000083400000,0x00000000836e7708,0x0000000088800000)
 Metaspace       used 8181K, capacity 8341K, committed 8576K, reserved 1056768K
  class space    used 824K, capacity 893K, committed 896K, reserved 1048576K
}
Event: 311.398 GC heap before
{Heap before GC invocations=195 (full 0):
 PSYoungGen      total 24576K, used 24064K [0x00000000d6700000, 0x00000000d8000000, 0x0000000100000000)
  eden space 24064K, 100% used [0x00000000d6700000,0x00000000d7e80000,0x00000000d7e80000)
  from space 512K, 0% used [0x00000000d7f80000,0x00000000d7f80000,0x00000000d8000000)
  to   space 512K, 0% used [0x00000000d7f00000,0x00000000d7f00000,0x00000000d7f80000)
 ParOldGen       total 86016K, used 2973K [0x0000000083400000, 0x0000000088800000, 0x00000000d6700000)
  object space 86016K, 3% used [0x0000000083400000,0x00000000836e7708,0x0000000088800000)
 Metaspace       used 8181K, capacity 8341K, committed 8576K, reserved 1056768K
  class space    used 824K, capacity 893K, committed 896K, reserved 1048576K
Event: 311.398 GC heap after
Heap after GC invocations=195 (full 0):
 PSYoungGen      total 24576K, used 0K [0x00000000d6700000, 0x00000000d8000000, 0x0000000100000000)
  eden space 24064K, 0% used [0x00000000d6700000,0x00000000d6700000,0x00000000d7e80000)
  from space 512K, 0% used [0x00000000d7f00000,0x00000000d7f00000,0x00000000d7f80000)
  to   space 512K, 0% used [0x00000000d7f80000,0x00000000d7f80000,0x00000000d8000000)
 ParOldGen       total 86016K, used 2973K [0x0000000083400000, 0x0000000088800000, 0x00000000d6700000)
  object space 86016K, 3% used [0x0000000083400000,0x00000000836e7708,0x0000000088800000)
 Metaspace       used 8181K, capacity 8341K, committed 8576K, reserved 1056768K
  class space    used 824K, capacity 893K, committed 896K, reserved 1048576K
}
Event: 312.919 GC heap before
{Heap before GC invocations=196 (full 0):
 PSYoungGen      total 24576K, used 24064K [0x00000000d6700000, 0x00000000d8000000, 0x0000000100000000)
  eden space 24064K, 100% used [0x00000000d6700000,0x00000000d7e80000,0x00000000d7e80000)
  from space 512K, 0% used [0x00000000d7f00000,0x00000000d7f00000,0x00000000d7f80000)
  to   space 512K, 0% used [0x00000000d7f80000,0x00000000d7f80000,0x00000000d8000000)
 ParOldGen       total 86016K, used 2973K [0x0000000083400000, 0x0000000088800000, 0x00000000d6700000)
  object space 86016K, 3% used [0x0000000083400000,0x00000000836e7708,0x0000000088800000)
 Metaspace       used 8181K, capacity 8341K, committed 8576K, reserved 1056768K
  class space    used 824K, capacity 893K, committed 896K, reserved 1048576K
Event: 312.920 GC heap after
Heap after GC invocations=196 (full 0):
 PSYoungGen      total 24576K, used 0K [0x00000000d6700000, 0x00000000d8000000, 0x0000000100000000)
  eden space 24064K, 0% used [0x00000000d6700000,0x00000000d6700000,0x00000000d7e80000)
  from space 512K, 0% used [0x00000000d7f80000,0x00000000d7f80000,0x00000000d8000000)
  to   space 512K, 0% used [0x00000000d7f00000,0x00000000d7f00000,0x00000000d7f80000)
 ParOldGen       total 86016K, used 2973K [0x0000000083400000, 0x0000000088800000, 0x00000000d6700000)
  object space 86016K, 3% used [0x0000000083400000,0x00000000836e7708,0x0000000088800000)
 Metaspace       used 8181K, capacity 8341K, committed 8576K, reserved 1056768K
  class space    used 824K, capacity 893K, committed 896K, reserved 1048576K
}

