# JRE version: Java(TM) SE Runtime Environment (8.0_241-b07) (build 1.8.0_241-b07)
# Java VM: Java HotSpot(TM) 64-Bit Server VM (25.241-b07 mixed mode windows-amd64 compressed oops)
Heap:
 PSYoungGen      total 25600K, used 1880K [0x00000000d6700000, 0x00000000d8900000, 0x0000000100000000)
  eden space 24576K, 5% used [0x00000000d6700000,0x00000000d686e220,0x00000000d7f00000)
  from space 1024K, 40% used [0x00000000d8700000,0x00000000d8768000,0x00000000d8800000)
  to   space 1024K, 0% used [0x00000000d8800000,0x00000000d8800000,0x00000000d8900000)
 ParOldGen       total 41984K, used 22341K [0x0000000083400000, 0x0000000085d00000, 0x00000000d6700000)
  object space 41984K, 53% used [0x0000000083400000,0x00000000849d15c8,0x0000000085d00000)
 Metaspace       used 8278K, capacity 8469K, committed 8576K, reserved 1056768K
  class space    used 819K, capacity 893K, committed 896K, reserved 1048576K
GC Heap History (10 events):
Event: 652.882 GC heap before
{Heap before GC invocations=539 (full 4):
 PSYoungGen      total 27648K, used 27616K [0x00000000d6700000, 0x00000000d8a00000, 0x0000000100000000)
  eden space 27136K, 100% used [0x00000000d6700000,0x00000000d8180000,0x00000000d8180000)
  from space 512K, 93% used [0x00000000d8980000,0x00000000d89f8000,0x00000000d8a00000)
  to   space 1024K, 0% used [0x00000000d8800000,0x00000000d8800000,0x00000000d8900000)
 ParOldGen       total 41984K, used 20221K [0x0000000083400000, 0x0000000085d00000, 0x00000000d6700000)
  object space 41984K, 48% used [0x0000000083400000,0x00000000847bf5c8,0x0000000085d00000)
 Metaspace       used 8256K, capacity 8437K, committed 8576K, reserved 1056768K
  class space    used 814K, capacity 861K, committed 896K, reserved 1048576K
Event: 652.883 GC heap after
Heap after GC invocations=539 (full 4):
 PSYoungGen      total 27648K, used 448K [0x00000000d6700000, 0x00000000d8a00000, 0x0000000100000000)
  eden space 26624K, 0% used [0x00000000d6700000,0x00000000d6700000,0x00000000d8100000)
  from space 1024K, 43% used [0x00000000d8800000,0x00000000d8870000,0x00000000d8900000)
  to   space 1024K, 0% used [0x00000000d8900000,0x00000000d8900000,0x00000000d8a00000)
 ParOldGen       total 41984K, used 20669K [0x0000000083400000, 0x0000000085d00000, 0x00000000d6700000)
  object space 41984K, 49% used [0x0000000083400000,0x000000008482f5c8,0x0000000085d00000)
 Metaspace       used 8256K, capacity 8437K, committed 8576K, reserved 1056768K
  class space    used 814K, capacity 861K, committed 896K, reserved 1048576K
}
Event: 654.275 GC heap before
{Heap before GC invocations=540 (full 4):
 PSYoungGen      total 27648K, used 27072K [0x00000000d6700000, 0x00000000d8a00000, 0x0000000100000000)
  eden space 26624K, 100% used [0x00000000d6700000,0x00000000d8100000,0x00000000d8100000)
  from space 1024K, 43% used [0x00000000d8800000,0x00000000d8870000,0x00000000d8900000)
  to   space 1024K, 0% used [0x00000000d8900000,0x00000000d8900000,0x00000000d8a00000)
 ParOldGen       total 41984K, used 20669K [0x0000000083400000, 0x0000000085d00000, 0x00000000d6700000)
  object space 41984K, 49% used [0x0000000083400000,0x000000008482f5c8,0x0000000085d00000)
 Metaspace       used 8256K, capacity 8437K, committed 8576K, reserved 1056768K
  class space    used 814K, capacity 861K, committed 896K, reserved 1048576K
Event: 654.276 GC heap after
Heap after GC invocations=540 (full 4):
 PSYoungGen      total 26624K, used 448K [0x00000000d6700000, 0x00000000d8980000, 0x0000000100000000)
  eden space 26112K, 0% used [0x00000000d6700000,0x00000000d6700000,0x00000000d8080000)
  from space 512K, 87% used [0x00000000d8900000,0x00000000d8970000,0x00000000d8980000)
  to   space 1024K, 0% used [0x00000000d8780000,0x00000000d8780000,0x00000000d8880000)
 ParOldGen       total 41984K, used 21101K [0x0000000083400000, 0x0000000085d00000, 0x00000000d6700000)
  object space 41984K, 50% used [0x0000000083400000,0x000000008489b5c8,0x0000000085d00000)
 Metaspace       used 8256K, capacity 8437K, committed 8576K, reserved 1056768K
  class space    used 814K, capacity 861K, committed 896K, reserved 1048576K
}
Event: 655.754 GC heap before
{Heap before GC invocations=541 (full 4):
 PSYoungGen      total 26624K, used 26560K [0x00000000d6700000, 0x00000000d8980000, 0x0000000100000000)
  eden space 26112K, 100% used [0x00000000d6700000,0x00000000d8080000,0x00000000d8080000)
  from space 512K, 87% used [0x00000000d8900000,0x00000000d8970000,0x00000000d8980000)
  to   space 1024K, 0% used [0x00000000d8780000,0x00000000d8780000,0x00000000d8880000)
 ParOldGen       total 41984K, used 21101K [0x0000000083400000, 0x0000000085d00000, 0x00000000d6700000)
  object space 41984K, 50% used [0x0000000083400000,0x000000008489b5c8,0x0000000085d00000)
 Metaspace       used 8256K, capacity 8437K, committed 8576K, reserved 1056768K
  class space    used 814K, capacity 861K, committed 896K, reserved 1048576K
Event: 655.755 GC heap after
Heap after GC invocations=541 (full 4):
 PSYoungGen      total 26624K, used 480K [0x00000000d6700000, 0x00000000d8980000, 0x0000000100000000)
  eden space 25600K, 0% used [0x00000000d6700000,0x00000000d6700000,0x00000000d8000000)
  from space 1024K, 46% used [0x00000000d8780000,0x00000000d87f8000,0x00000000d8880000)
  to   space 1024K, 0% used [0x00000000d8880000,0x00000000d8880000,0x00000000d8980000)
 ParOldGen       total 41984K, used 21509K [0x0000000083400000, 0x0000000085d00000, 0x00000000d6700000)
  object space 41984K, 51% used [0x0000000083400000,0x00000000849015c8,0x0000000085d00000)
 Metaspace       used 8256K, capacity 8437K, committed 8576K, reserved 1056768K
  class space    used 814K, capacity 861K, committed 896K, reserved 1048576K
}
Event: 657.129 GC heap before
{Heap before GC invocations=542 (full 4):
 PSYoungGen      total 26624K, used 26080K [0x00000000d6700000, 0x00000000d8980000, 0x0000000100000000)
  eden space 25600K, 100% used [0x00000000d6700000,0x00000000d8000000,0x00000000d8000000)
  from space 1024K, 46% used [0x00000000d8780000,0x00000000d87f8000,0x00000000d8880000)
  to   space 1024K, 0% used [0x00000000d8880000,0x00000000d8880000,0x00000000d8980000)
 ParOldGen       total 41984K, used 21509K [0x0000000083400000, 0x0000000085d00000, 0x00000000d6700000)
  object space 41984K, 51% used [0x0000000083400000,0x00000000849015c8,0x0000000085d00000)
 Metaspace       used 8256K, capacity 8437K, committed 8576K, reserved 1056768K
  class space    used 814K, capacity 861K, committed 896K, reserved 1048576K
Event: 657.130 GC heap after
Heap after GC invocations=542 (full 4):
 PSYoungGen      total 25600K, used 448K [0x00000000d6700000, 0x00000000d8900000, 0x0000000100000000)
  eden space 25088K, 0% used [0x00000000d6700000,0x00000000d6700000,0x00000000d7f80000)
  from space 512K, 87% used [0x00000000d8880000,0x00000000d88f0000,0x00000000d8900000)
  to   space 1024K, 0% used [0x00000000d8700000,0x00000000d8700000,0x00000000d8800000)
 ParOldGen       total 41984K, used 21933K [0x0000000083400000, 0x0000000085d00000, 0x00000000d6700000)
  object space 41984K, 52% used [0x0000000083400000,0x000000008496b5c8,0x0000000085d00000)
 Metaspace       used 8256K, capacity 8437K, committed 8576K, reserved 1056768K
  class space    used 814K, capacity 861K, committed 896K, reserved 1048576K
}
Event: 658.369 GC heap before
{Heap before GC invocations=543 (full 4):
 PSYoungGen      total 25600K, used 25535K [0x00000000d6700000, 0x00000000d8900000, 0x0000000100000000)
  eden space 25088K, 99% used [0x00000000d6700000,0x00000000d7f7fff8,0x00000000d7f80000)
  from space 512K, 87% used [0x00000000d8880000,0x00000000d88f0000,0x00000000d8900000)
  to   space 1024K, 0% used [0x00000000d8700000,0x00000000d8700000,0x00000000d8800000)
 ParOldGen       total 41984K, used 21933K [0x0000000083400000, 0x0000000085d00000, 0x00000000d6700000)
  object space 41984K, 52% used [0x0000000083400000,0x000000008496b5c8,0x0000000085d00000)
 Metaspace       used 8271K, capacity 8469K, committed 8576K, reserved 1056768K
  class space    used 817K, capacity 893K, committed 896K, reserved 1048576K
Event: 658.370 GC heap after
Heap after GC invocations=543 (full 4):
 PSYoungGen      total 25600K, used 416K [0x00000000d6700000, 0x00000000d8900000, 0x0000000100000000)
  eden space 24576K, 0% used [0x00000000d6700000,0x00000000d6700000,0x00000000d7f00000)
  from space 1024K, 40% used [0x00000000d8700000,0x00000000d8768000,0x00000000d8800000)
  to   space 1024K, 0% used [0x00000000d8800000,0x00000000d8800000,0x00000000d8900000)
 ParOldGen       total 41984K, used 22341K [0x0000000083400000, 0x0000000085d00000, 0x00000000d6700000)
  object space 41984K, 53% used [0x0000000083400000,0x00000000849d15c8,0x0000000085d00000)
 Metaspace       used 8271K, capacity 8469K, committed 8576K, reserved 1056768K
  class space    used 817K, capacity 893K, committed 896K, reserved 1048576K
}

