# JRE version: Java(TM) SE Runtime Environment (8.0_241-b07) (build 1.8.0_241-b07)
# Java VM: Java HotSpot(TM) 64-Bit Server VM (25.241-b07 mixed mode windows-amd64 compressed oops)
Heap:
 PSYoungGen      total 24576K, used 12513K [0x00000000d6700000, 0x00000000d8000000, 0x0000000100000000)
  eden space 24064K, 52% used [0x00000000d6700000,0x00000000d7338600,0x00000000d7e80000)
  from space 512K, 0% used [0x00000000d7f80000,0x00000000d7f80000,0x00000000d8000000)
  to   space 512K, 0% used [0x00000000d7f00000,0x00000000d7f00000,0x00000000d7f80000)
 ParOldGen       total 86016K, used 5033K [0x0000000083400000, 0x0000000088800000, 0x00000000d6700000)
  object space 86016K, 5% used [0x0000000083400000,0x00000000838ea6f8,0x0000000088800000)
 Metaspace       used 8263K, capacity 8469K, committed 8576K, reserved 1056768K
  class space    used 818K, capacity 893K, committed 896K, reserved 1048576K
GC Heap History (10 events):
Event: 91.593 GC heap before
{Heap before GC invocations=172 (full 0):
 PSYoungGen      total 24576K, used 24064K [0x00000000d6700000, 0x00000000d8000000, 0x0000000100000000)
  eden space 24064K, 100% used [0x00000000d6700000,0x00000000d7e80000,0x00000000d7e80000)
  from space 512K, 0% used [0x00000000d7f00000,0x00000000d7f00000,0x00000000d7f80000)
  to   space 512K, 0% used [0x00000000d7f80000,0x00000000d7f80000,0x00000000d8000000)
 ParOldGen       total 86016K, used 5033K [0x0000000083400000, 0x0000000088800000, 0x00000000d6700000)
  object space 86016K, 5% used [0x0000000083400000,0x00000000838ea6f8,0x0000000088800000)
 Metaspace       used 8241K, capacity 8469K, committed 8576K, reserved 1056768K
  class space    used 814K, capacity 893K, committed 896K, reserved 1048576K
Event: 91.594 GC heap after
Heap after GC invocations=172 (full 0):
 PSYoungGen      total 24576K, used 0K [0x00000000d6700000, 0x00000000d8000000, 0x0000000100000000)
  eden space 24064K, 0% used [0x00000000d6700000,0x00000000d6700000,0x00000000d7e80000)
  from space 512K, 0% used [0x00000000d7f80000,0x00000000d7f80000,0x00000000d8000000)
  to   space 512K, 0% used [0x00000000d7f00000,0x00000000d7f00000,0x00000000d7f80000)
 ParOldGen       total 86016K, used 5033K [0x0000000083400000, 0x0000000088800000, 0x00000000d6700000)
  object space 86016K, 5% used [0x0000000083400000,0x00000000838ea6f8,0x0000000088800000)
 Metaspace       used 8241K, capacity 8469K, committed 8576K, reserved 1056768K
  class space    used 814K, capacity 893K, committed 896K, reserved 1048576K
}
Event: 92.244 GC heap before
{Heap before GC invocations=173 (full 0):
 PSYoungGen      total 24576K, used 24064K [0x00000000d6700000, 0x00000000d8000000, 0x0000000100000000)
  eden space 24064K, 100% used [0x00000000d6700000,0x00000000d7e80000,0x00000000d7e80000)
  from space 512K, 0% used [0x00000000d7f80000,0x00000000d7f80000,0x00000000d8000000)
  to   space 512K, 0% used [0x00000000d7f00000,0x00000000d7f00000,0x00000000d7f80000)
 ParOldGen       total 86016K, used 5033K [0x0000000083400000, 0x0000000088800000, 0x00000000d6700000)
  object space 86016K, 5% used [0x0000000083400000,0x00000000838ea6f8,0x0000000088800000)
 Metaspace       used 8241K, capacity 8469K, committed 8576K, reserved 1056768K
  class space    used 814K, capacity 893K, committed 896K, reserved 1048576K
Event: 92.244 GC heap after
Heap after GC invocations=173 (full 0):
 PSYoungGen      total 24576K, used 0K [0x00000000d6700000, 0x00000000d8000000, 0x0000000100000000)
  eden space 24064K, 0% used [0x00000000d6700000,0x00000000d6700000,0x00000000d7e80000)
  from space 512K, 0% used [0x00000000d7f00000,0x00000000d7f00000,0x00000000d7f80000)
  to   space 512K, 0% used [0x00000000d7f80000,0x00000000d7f80000,0x00000000d8000000)
 ParOldGen       total 86016K, used 5033K [0x0000000083400000, 0x0000000088800000, 0x00000000d6700000)
  object space 86016K, 5% used [0x0000000083400000,0x00000000838ea6f8,0x0000000088800000)
 Metaspace       used 8241K, capacity 8469K, committed 8576K, reserved 1056768K
  class space    used 814K, capacity 893K, committed 896K, reserved 1048576K
}
Event: 92.795 GC heap before
{Heap before GC invocations=174 (full 0):
 PSYoungGen      total 24576K, used 24064K [0x00000000d6700000, 0x00000000d8000000, 0x0000000100000000)
  eden space 24064K, 100% used [0x00000000d6700000,0x00000000d7e80000,0x00000000d7e80000)
  from space 512K, 0% used [0x00000000d7f00000,0x00000000d7f00000,0x00000000d7f80000)
  to   space 512K, 0% used [0x00000000d7f80000,0x00000000d7f80000,0x00000000d8000000)
 ParOldGen       total 86016K, used 5033K [0x0000000083400000, 0x0000000088800000, 0x00000000d6700000)
  object space 86016K, 5% used [0x0000000083400000,0x00000000838ea6f8,0x0000000088800000)
 Metaspace       used 8241K, capacity 8469K, committed 8576K, reserved 1056768K
  class space    used 814K, capacity 893K, committed 896K, reserved 1048576K
Event: 92.795 GC heap after
Heap after GC invocations=174 (full 0):
 PSYoungGen      total 24576K, used 0K [0x00000000d6700000, 0x00000000d8000000, 0x0000000100000000)
  eden space 24064K, 0% used [0x00000000d6700000,0x00000000d6700000,0x00000000d7e80000)
  from space 512K, 0% used [0x00000000d7f80000,0x00000000d7f80000,0x00000000d8000000)
  to   space 512K, 0% used [0x00000000d7f00000,0x00000000d7f00000,0x00000000d7f80000)
 ParOldGen       total 86016K, used 5033K [0x0000000083400000, 0x0000000088800000, 0x00000000d6700000)
  object space 86016K, 5% used [0x0000000083400000,0x00000000838ea6f8,0x0000000088800000)
 Metaspace       used 8241K, capacity 8469K, committed 8576K, reserved 1056768K
  class space    used 814K, capacity 893K, committed 896K, reserved 1048576K
}
Event: 93.658 GC heap before
{Heap before GC invocations=175 (full 0):
 PSYoungGen      total 24576K, used 24064K [0x00000000d6700000, 0x00000000d8000000, 0x0000000100000000)
  eden space 24064K, 100% used [0x00000000d6700000,0x00000000d7e80000,0x00000000d7e80000)
  from space 512K, 0% used [0x00000000d7f80000,0x00000000d7f80000,0x00000000d8000000)
  to   space 512K, 0% used [0x00000000d7f00000,0x00000000d7f00000,0x00000000d7f80000)
 ParOldGen       total 86016K, used 5033K [0x0000000083400000, 0x0000000088800000, 0x00000000d6700000)
  object space 86016K, 5% used [0x0000000083400000,0x00000000838ea6f8,0x0000000088800000)
 Metaspace       used 8241K, capacity 8469K, committed 8576K, reserved 1056768K
  class space    used 814K, capacity 893K, committed 896K, reserved 1048576K
Event: 93.659 GC heap after
Heap after GC invocations=175 (full 0):
 PSYoungGen      total 24576K, used 0K [0x00000000d6700000, 0x00000000d8000000, 0x0000000100000000)
  eden space 24064K, 0% used [0x00000000d6700000,0x00000000d6700000,0x00000000d7e80000)
  from space 512K, 0% used [0x00000000d7f00000,0x00000000d7f00000,0x00000000d7f80000)
  to   space 512K, 0% used [0x00000000d7f80000,0x00000000d7f80000,0x00000000d8000000)
 ParOldGen       total 86016K, used 5033K [0x0000000083400000, 0x0000000088800000, 0x00000000d6700000)
  object space 86016K, 5% used [0x0000000083400000,0x00000000838ea6f8,0x0000000088800000)
 Metaspace       used 8241K, capacity 8469K, committed 8576K, reserved 1056768K
  class space    used 814K, capacity 893K, committed 896K, reserved 1048576K
}
Event: 94.208 GC heap before
{Heap before GC invocations=176 (full 0):
 PSYoungGen      total 24576K, used 24064K [0x00000000d6700000, 0x00000000d8000000, 0x0000000100000000)
  eden space 24064K, 100% used [0x00000000d6700000,0x00000000d7e80000,0x00000000d7e80000)
  from space 512K, 0% used [0x00000000d7f00000,0x00000000d7f00000,0x00000000d7f80000)
  to   space 512K, 0% used [0x00000000d7f80000,0x00000000d7f80000,0x00000000d8000000)
 ParOldGen       total 86016K, used 5033K [0x0000000083400000, 0x0000000088800000, 0x00000000d6700000)
  object space 86016K, 5% used [0x0000000083400000,0x00000000838ea6f8,0x0000000088800000)
 Metaspace       used 8241K, capacity 8469K, committed 8576K, reserved 1056768K
  class space    used 814K, capacity 893K, committed 896K, reserved 1048576K
Event: 94.209 GC heap after
Heap after GC invocations=176 (full 0):
 PSYoungGen      total 24576K, used 0K [0x00000000d6700000, 0x00000000d8000000, 0x0000000100000000)
  eden space 24064K, 0% used [0x00000000d6700000,0x00000000d6700000,0x00000000d7e80000)
  from space 512K, 0% used [0x00000000d7f80000,0x00000000d7f80000,0x00000000d8000000)
  to   space 512K, 0% used [0x00000000d7f00000,0x00000000d7f00000,0x00000000d7f80000)
 ParOldGen       total 86016K, used 5033K [0x0000000083400000, 0x0000000088800000, 0x00000000d6700000)
  object space 86016K, 5% used [0x0000000083400000,0x00000000838ea6f8,0x0000000088800000)
 Metaspace       used 8241K, capacity 8469K, committed 8576K, reserved 1056768K
  class space    used 814K, capacity 893K, committed 896K, reserved 1048576K
}

