# JRE version: Java(TM) SE Runtime Environment (8.0_241-b07) (build 1.8.0_241-b07)
# Java VM: Java HotSpot(TM) 64-Bit Server VM (25.241-b07 mixed mode windows-amd64 compressed oops)
Heap:
 PSYoungGen      total 24576K, used 1077K [0x00000000d6700000, 0x00000000d8000000, 0x0000000100000000)
  eden space 24064K, 3% used [0x00000000d6700000,0x00000000d67ed4c8,0x00000000d7e80000)
  from space 512K, 25% used [0x00000000d7f80000,0x00000000d7fa0000,0x00000000d8000000)
  to   space 512K, 0% used [0x00000000d7f00000,0x00000000d7f00000,0x00000000d7f80000)
 ParOldGen       total 86016K, used 2845K [0x0000000083400000, 0x0000000088800000, 0x00000000d6700000)
  object space 86016K, 3% used [0x0000000083400000,0x00000000836c7708,0x0000000088800000)
 Metaspace       used 8180K, capacity 8347K, committed 8704K, reserved 1056768K
  class space    used 829K, capacity 922K, committed 1024K, reserved 1048576K
GC Heap History (10 events):
Event: 116.195 GC heap before
{Heap before GC invocations=438 (full 0):
 PSYoungGen      total 24576K, used 24064K [0x00000000d6700000, 0x00000000d8000000, 0x0000000100000000)
  eden space 24064K, 100% used [0x00000000d6700000,0x00000000d7e80000,0x00000000d7e80000)
  from space 512K, 0% used [0x00000000d7f00000,0x00000000d7f00000,0x00000000d7f80000)
  to   space 512K, 0% used [0x00000000d7f80000,0x00000000d7f80000,0x00000000d8000000)
 ParOldGen       total 86016K, used 2845K [0x0000000083400000, 0x0000000088800000, 0x00000000d6700000)
  object space 86016K, 3% used [0x0000000083400000,0x00000000836c7708,0x0000000088800000)
 Metaspace       used 8158K, capacity 8315K, committed 8576K, reserved 1056768K
  class space    used 824K, capacity 890K, committed 896K, reserved 1048576K
Event: 116.196 GC heap after
Heap after GC invocations=438 (full 0):
 PSYoungGen      total 24576K, used 0K [0x00000000d6700000, 0x00000000d8000000, 0x0000000100000000)
  eden space 24064K, 0% used [0x00000000d6700000,0x00000000d6700000,0x00000000d7e80000)
  from space 512K, 0% used [0x00000000d7f80000,0x00000000d7f80000,0x00000000d8000000)
  to   space 512K, 0% used [0x00000000d7f00000,0x00000000d7f00000,0x00000000d7f80000)
 ParOldGen       total 86016K, used 2845K [0x0000000083400000, 0x0000000088800000, 0x00000000d6700000)
  object space 86016K, 3% used [0x0000000083400000,0x00000000836c7708,0x0000000088800000)
 Metaspace       used 8158K, capacity 8315K, committed 8576K, reserved 1056768K
  class space    used 824K, capacity 890K, committed 896K, reserved 1048576K
}
Event: 116.420 GC heap before
{Heap before GC invocations=439 (full 0):
 PSYoungGen      total 24576K, used 24064K [0x00000000d6700000, 0x00000000d8000000, 0x0000000100000000)
  eden space 24064K, 100% used [0x00000000d6700000,0x00000000d7e80000,0x00000000d7e80000)
  from space 512K, 0% used [0x00000000d7f80000,0x00000000d7f80000,0x00000000d8000000)
  to   space 512K, 0% used [0x00000000d7f00000,0x00000000d7f00000,0x00000000d7f80000)
 ParOldGen       total 86016K, used 2845K [0x0000000083400000, 0x0000000088800000, 0x00000000d6700000)
  object space 86016K, 3% used [0x0000000083400000,0x00000000836c7708,0x0000000088800000)
 Metaspace       used 8158K, capacity 8315K, committed 8576K, reserved 1056768K
  class space    used 824K, capacity 890K, committed 896K, reserved 1048576K
Event: 116.421 GC heap after
Heap after GC invocations=439 (full 0):
 PSYoungGen      total 24576K, used 0K [0x00000000d6700000, 0x00000000d8000000, 0x0000000100000000)
  eden space 24064K, 0% used [0x00000000d6700000,0x00000000d6700000,0x00000000d7e80000)
  from space 512K, 0% used [0x00000000d7f00000,0x00000000d7f00000,0x00000000d7f80000)
  to   space 512K, 0% used [0x00000000d7f80000,0x00000000d7f80000,0x00000000d8000000)
 ParOldGen       total 86016K, used 2845K [0x0000000083400000, 0x0000000088800000, 0x00000000d6700000)
  object space 86016K, 3% used [0x0000000083400000,0x00000000836c7708,0x0000000088800000)
 Metaspace       used 8158K, capacity 8315K, committed 8576K, reserved 1056768K
  class space    used 824K, capacity 890K, committed 896K, reserved 1048576K
}
Event: 116.633 GC heap before
{Heap before GC invocations=440 (full 0):
 PSYoungGen      total 24576K, used 24064K [0x00000000d6700000, 0x00000000d8000000, 0x0000000100000000)
  eden space 24064K, 100% used [0x00000000d6700000,0x00000000d7e80000,0x00000000d7e80000)
  from space 512K, 0% used [0x00000000d7f00000,0x00000000d7f00000,0x00000000d7f80000)
  to   space 512K, 0% used [0x00000000d7f80000,0x00000000d7f80000,0x00000000d8000000)
 ParOldGen       total 86016K, used 2845K [0x0000000083400000, 0x0000000088800000, 0x00000000d6700000)
  object space 86016K, 3% used [0x0000000083400000,0x00000000836c7708,0x0000000088800000)
 Metaspace       used 8158K, capacity 8315K, committed 8576K, reserved 1056768K
  class space    used 824K, capacity 890K, committed 896K, reserved 1048576K
Event: 116.633 GC heap after
Heap after GC invocations=440 (full 0):
 PSYoungGen      total 24576K, used 0K [0x00000000d6700000, 0x00000000d8000000, 0x0000000100000000)
  eden space 24064K, 0% used [0x00000000d6700000,0x00000000d6700000,0x00000000d7e80000)
  from space 512K, 0% used [0x00000000d7f80000,0x00000000d7f80000,0x00000000d8000000)
  to   space 512K, 0% used [0x00000000d7f00000,0x00000000d7f00000,0x00000000d7f80000)
 ParOldGen       total 86016K, used 2845K [0x0000000083400000, 0x0000000088800000, 0x00000000d6700000)
  object space 86016K, 3% used [0x0000000083400000,0x00000000836c7708,0x0000000088800000)
 Metaspace       used 8158K, capacity 8315K, committed 8576K, reserved 1056768K
  class space    used 824K, capacity 890K, committed 896K, reserved 1048576K
}
Event: 116.835 GC heap before
{Heap before GC invocations=441 (full 0):
 PSYoungGen      total 24576K, used 24064K [0x00000000d6700000, 0x00000000d8000000, 0x0000000100000000)
  eden space 24064K, 100% used [0x00000000d6700000,0x00000000d7e80000,0x00000000d7e80000)
  from space 512K, 0% used [0x00000000d7f80000,0x00000000d7f80000,0x00000000d8000000)
  to   space 512K, 0% used [0x00000000d7f00000,0x00000000d7f00000,0x00000000d7f80000)
 ParOldGen       total 86016K, used 2845K [0x0000000083400000, 0x0000000088800000, 0x00000000d6700000)
  object space 86016K, 3% used [0x0000000083400000,0x00000000836c7708,0x0000000088800000)
 Metaspace       used 8158K, capacity 8315K, committed 8576K, reserved 1056768K
  class space    used 824K, capacity 890K, committed 896K, reserved 1048576K
Event: 116.835 GC heap after
Heap after GC invocations=441 (full 0):
 PSYoungGen      total 24576K, used 0K [0x00000000d6700000, 0x00000000d8000000, 0x0000000100000000)
  eden space 24064K, 0% used [0x00000000d6700000,0x00000000d6700000,0x00000000d7e80000)
  from space 512K, 0% used [0x00000000d7f00000,0x00000000d7f00000,0x00000000d7f80000)
  to   space 512K, 0% used [0x00000000d7f80000,0x00000000d7f80000,0x00000000d8000000)
 ParOldGen       total 86016K, used 2845K [0x0000000083400000, 0x0000000088800000, 0x00000000d6700000)
  object space 86016K, 3% used [0x0000000083400000,0x00000000836c7708,0x0000000088800000)
 Metaspace       used 8158K, capacity 8315K, committed 8576K, reserved 1056768K
  class space    used 824K, capacity 890K, committed 896K, reserved 1048576K
}
Event: 117.024 GC heap before
{Heap before GC invocations=442 (full 0):
 PSYoungGen      total 24576K, used 24064K [0x00000000d6700000, 0x00000000d8000000, 0x0000000100000000)
  eden space 24064K, 100% used [0x00000000d6700000,0x00000000d7e80000,0x00000000d7e80000)
  from space 512K, 0% used [0x00000000d7f00000,0x00000000d7f00000,0x00000000d7f80000)
  to   space 512K, 0% used [0x00000000d7f80000,0x00000000d7f80000,0x00000000d8000000)
 ParOldGen       total 86016K, used 2845K [0x0000000083400000, 0x0000000088800000, 0x00000000d6700000)
  object space 86016K, 3% used [0x0000000083400000,0x00000000836c7708,0x0000000088800000)
 Metaspace       used 8173K, capacity 8347K, committed 8704K, reserved 1056768K
  class space    used 827K, capacity 922K, committed 1024K, reserved 1048576K
Event: 117.024 GC heap after
Heap after GC invocations=442 (full 0):
 PSYoungGen      total 24576K, used 128K [0x00000000d6700000, 0x00000000d8000000, 0x0000000100000000)
  eden space 24064K, 0% used [0x00000000d6700000,0x00000000d6700000,0x00000000d7e80000)
  from space 512K, 25% used [0x00000000d7f80000,0x00000000d7fa0000,0x00000000d8000000)
  to   space 512K, 0% used [0x00000000d7f00000,0x00000000d7f00000,0x00000000d7f80000)
 ParOldGen       total 86016K, used 2845K [0x0000000083400000, 0x0000000088800000, 0x00000000d6700000)
  object space 86016K, 3% used [0x0000000083400000,0x00000000836c7708,0x0000000088800000)
 Metaspace       used 8173K, capacity 8347K, committed 8704K, reserved 1056768K
  class space    used 827K, capacity 922K, committed 1024K, reserved 1048576K
}

