# JRE version: Java(TM) SE Runtime Environment (8.0_241-b07) (build 1.8.0_241-b07)
# Java VM: Java HotSpot(TM) 64-Bit Server VM (25.241-b07 mixed mode windows-amd64 compressed oops)
Heap:
 PSYoungGen      total 28672K, used 25087K [0x00000000d6700000, 0x00000000d8700000, 0x0000000100000000)
  eden space 25600K, 97% used [0x00000000d6700000,0x00000000d7f7fe08,0x00000000d8000000)
  from space 3072K, 0% used [0x00000000d8400000,0x00000000d8400000,0x00000000d8700000)
  to   space 3584K, 0% used [0x00000000d8000000,0x00000000d8000000,0x00000000d8380000)
 ParOldGen       total 86016K, used 2401K [0x0000000083400000, 0x0000000088800000, 0x00000000d6700000)
  object space 86016K, 2% used [0x0000000083400000,0x00000000836584e0,0x0000000088800000)
 Metaspace       used 7976K, capacity 8135K, committed 8320K, reserved 1056768K
  class space    used 816K, capacity 890K, committed 896K, reserved 1048576K
GC Heap History (10 events):
Event: 12.034 GC heap before
{Heap before GC invocations=14 (full 0):
 PSYoungGen      total 28672K, used 28160K [0x00000000d6700000, 0x00000000d8a80000, 0x0000000100000000)
  eden space 28160K, 100% used [0x00000000d6700000,0x00000000d8280000,0x00000000d8280000)
  from space 512K, 0% used [0x00000000d8300000,0x00000000d8300000,0x00000000d8380000)
  to   space 4096K, 0% used [0x00000000d8680000,0x00000000d8680000,0x00000000d8a80000)
 ParOldGen       total 86016K, used 2401K [0x0000000083400000, 0x0000000088800000, 0x00000000d6700000)
  object space 86016K, 2% used [0x0000000083400000,0x00000000836584e0,0x0000000088800000)
 Metaspace       used 7954K, capacity 8103K, committed 8320K, reserved 1056768K
  class space    used 811K, capacity 858K, committed 896K, reserved 1048576K
Event: 12.035 GC heap after
Heap after GC invocations=14 (full 0):
 PSYoungGen      total 31232K, used 0K [0x00000000d6700000, 0x00000000d8a00000, 0x0000000100000000)
  eden space 27648K, 0% used [0x00000000d6700000,0x00000000d6700000,0x00000000d8200000)
  from space 3584K, 0% used [0x00000000d8680000,0x00000000d8680000,0x00000000d8a00000)
  to   space 4096K, 0% used [0x00000000d8200000,0x00000000d8200000,0x00000000d8600000)
 ParOldGen       total 86016K, used 2401K [0x0000000083400000, 0x0000000088800000, 0x00000000d6700000)
  object space 86016K, 2% used [0x0000000083400000,0x00000000836584e0,0x0000000088800000)
 Metaspace       used 7954K, capacity 8103K, committed 8320K, reserved 1056768K
  class space    used 811K, capacity 858K, committed 896K, reserved 1048576K
}
Event: 12.307 GC heap before
{Heap before GC invocations=15 (full 0):
 PSYoungGen      total 31232K, used 27648K [0x00000000d6700000, 0x00000000d8a00000, 0x0000000100000000)
  eden space 27648K, 100% used [0x00000000d6700000,0x00000000d8200000,0x00000000d8200000)
  from space 3584K, 0% used [0x00000000d8680000,0x00000000d8680000,0x00000000d8a00000)
  to   space 4096K, 0% used [0x00000000d8200000,0x00000000d8200000,0x00000000d8600000)
 ParOldGen       total 86016K, used 2401K [0x0000000083400000, 0x0000000088800000, 0x00000000d6700000)
  object space 86016K, 2% used [0x0000000083400000,0x00000000836584e0,0x0000000088800000)
 Metaspace       used 7954K, capacity 8103K, committed 8320K, reserved 1056768K
  class space    used 811K, capacity 858K, committed 896K, reserved 1048576K
Event: 12.308 GC heap after
Heap after GC invocations=15 (full 0):
 PSYoungGen      total 27648K, used 0K [0x00000000d6700000, 0x00000000d8880000, 0x0000000100000000)
  eden space 27136K, 0% used [0x00000000d6700000,0x00000000d6700000,0x00000000d8180000)
  from space 512K, 0% used [0x00000000d8200000,0x00000000d8200000,0x00000000d8280000)
  to   space 3584K, 0% used [0x00000000d8500000,0x00000000d8500000,0x00000000d8880000)
 ParOldGen       total 86016K, used 2401K [0x0000000083400000, 0x0000000088800000, 0x00000000d6700000)
  object space 86016K, 2% used [0x0000000083400000,0x00000000836584e0,0x0000000088800000)
 Metaspace       used 7954K, capacity 8103K, committed 8320K, reserved 1056768K
  class space    used 811K, capacity 858K, committed 896K, reserved 1048576K
}
Event: 12.591 GC heap before
{Heap before GC invocations=16 (full 0):
 PSYoungGen      total 27648K, used 27136K [0x00000000d6700000, 0x00000000d8880000, 0x0000000100000000)
  eden space 27136K, 100% used [0x00000000d6700000,0x00000000d8180000,0x00000000d8180000)
  from space 512K, 0% used [0x00000000d8200000,0x00000000d8200000,0x00000000d8280000)
  to   space 3584K, 0% used [0x00000000d8500000,0x00000000d8500000,0x00000000d8880000)
 ParOldGen       total 86016K, used 2401K [0x0000000083400000, 0x0000000088800000, 0x00000000d6700000)
  object space 86016K, 2% used [0x0000000083400000,0x00000000836584e0,0x0000000088800000)
 Metaspace       used 7954K, capacity 8103K, committed 8320K, reserved 1056768K
  class space    used 811K, capacity 858K, committed 896K, reserved 1048576K
Event: 12.591 GC heap after
Heap after GC invocations=16 (full 0):
 PSYoungGen      total 29696K, used 0K [0x00000000d6700000, 0x00000000d8800000, 0x0000000100000000)
  eden space 26624K, 0% used [0x00000000d6700000,0x00000000d6700000,0x00000000d8100000)
  from space 3072K, 0% used [0x00000000d8500000,0x00000000d8500000,0x00000000d8800000)
  to   space 3584K, 0% used [0x00000000d8100000,0x00000000d8100000,0x00000000d8480000)
 ParOldGen       total 86016K, used 2401K [0x0000000083400000, 0x0000000088800000, 0x00000000d6700000)
  object space 86016K, 2% used [0x0000000083400000,0x00000000836584e0,0x0000000088800000)
 Metaspace       used 7954K, capacity 8103K, committed 8320K, reserved 1056768K
  class space    used 811K, capacity 858K, committed 896K, reserved 1048576K
}
Event: 13.023 GC heap before
{Heap before GC invocations=17 (full 0):
 PSYoungGen      total 29696K, used 26624K [0x00000000d6700000, 0x00000000d8800000, 0x0000000100000000)
  eden space 26624K, 100% used [0x00000000d6700000,0x00000000d8100000,0x00000000d8100000)
  from space 3072K, 0% used [0x00000000d8500000,0x00000000d8500000,0x00000000d8800000)
  to   space 3584K, 0% used [0x00000000d8100000,0x00000000d8100000,0x00000000d8480000)
 ParOldGen       total 86016K, used 2401K [0x0000000083400000, 0x0000000088800000, 0x00000000d6700000)
  object space 86016K, 2% used [0x0000000083400000,0x00000000836584e0,0x0000000088800000)
 Metaspace       used 7954K, capacity 8103K, committed 8320K, reserved 1056768K
  class space    used 811K, capacity 858K, committed 896K, reserved 1048576K
Event: 13.024 GC heap after
Heap after GC invocations=17 (full 0):
 PSYoungGen      total 26624K, used 0K [0x00000000d6700000, 0x00000000d8780000, 0x0000000100000000)
  eden space 26112K, 0% used [0x00000000d6700000,0x00000000d6700000,0x00000000d8080000)
  from space 512K, 0% used [0x00000000d8100000,0x00000000d8100000,0x00000000d8180000)
  to   space 3584K, 0% used [0x00000000d8400000,0x00000000d8400000,0x00000000d8780000)
 ParOldGen       total 86016K, used 2401K [0x0000000083400000, 0x0000000088800000, 0x00000000d6700000)
  object space 86016K, 2% used [0x0000000083400000,0x00000000836584e0,0x0000000088800000)
 Metaspace       used 7954K, capacity 8103K, committed 8320K, reserved 1056768K
  class space    used 811K, capacity 858K, committed 896K, reserved 1048576K
}
Event: 13.396 GC heap before
{Heap before GC invocations=18 (full 0):
 PSYoungGen      total 26624K, used 26112K [0x00000000d6700000, 0x00000000d8780000, 0x0000000100000000)
  eden space 26112K, 100% used [0x00000000d6700000,0x00000000d8080000,0x00000000d8080000)
  from space 512K, 0% used [0x00000000d8100000,0x00000000d8100000,0x00000000d8180000)
  to   space 3584K, 0% used [0x00000000d8400000,0x00000000d8400000,0x00000000d8780000)
 ParOldGen       total 86016K, used 2401K [0x0000000083400000, 0x0000000088800000, 0x00000000d6700000)
  object space 86016K, 2% used [0x0000000083400000,0x00000000836584e0,0x0000000088800000)
 Metaspace       used 7954K, capacity 8103K, committed 8320K, reserved 1056768K
  class space    used 811K, capacity 858K, committed 896K, reserved 1048576K
Event: 13.398 GC heap after
Heap after GC invocations=18 (full 0):
 PSYoungGen      total 28672K, used 0K [0x00000000d6700000, 0x00000000d8700000, 0x0000000100000000)
  eden space 25600K, 0% used [0x00000000d6700000,0x00000000d6700000,0x00000000d8000000)
  from space 3072K, 0% used [0x00000000d8400000,0x00000000d8400000,0x00000000d8700000)
  to   space 3584K, 0% used [0x00000000d8000000,0x00000000d8000000,0x00000000d8380000)
 ParOldGen       total 86016K, used 2401K [0x0000000083400000, 0x0000000088800000, 0x00000000d6700000)
  object space 86016K, 2% used [0x0000000083400000,0x00000000836584e0,0x0000000088800000)
 Metaspace       used 7954K, capacity 8103K, committed 8320K, reserved 1056768K
  class space    used 811K, capacity 858K, committed 896K, reserved 1048576K
}

